2015-03-20 20:32:04.989  INFO 5280 --- [main] c.g.demo.MainApplicationConfiguration$   : Starting MainApplicationConfiguration. on WIN-20131220ADM with PID 5280 (F:\spring\spring-boot-demos\scala-demo\build\classes\main started by Administrator in F:\spring\spring-boot-demos\scala-demo)
2015-03-20 20:32:04.994 DEBUG 5280 --- [main] c.g.demo.MainApplicationConfiguration$   : Running with Spring Boot v1.2.2.RELEASE, Spring v4.1.5.RELEASE
2015-03-20 20:32:05.061  INFO 5280 --- [main] ationConfigEmbeddedWebApplicationContext : Refreshing org.springframework.boot.context.embedded.AnnotationConfigEmbeddedWebApplicationContext@f2f2cc1: startup date [Fri Mar 20 20:32:05 CST 2015]; root of context hierarchy
2015-03-20 20:32:06.330  INFO 5280 --- [main] o.s.b.f.s.DefaultListableBeanFactory     : Overriding bean definition for bean 'beanNameViewResolver': replacing [Root bean: class [null]; scope=; abstract=false; lazyInit=false; autowireMode=3; dependencyCheck=0; autowireCandidate=true; primary=false; factoryBeanName=org.springframework.boot.autoconfigure.web.ErrorMvcAutoConfiguration$WhitelabelErrorViewConfiguration; factoryMethodName=beanNameViewResolver; initMethodName=null; destroyMethodName=(inferred); defined in class path resource [org/springframework/boot/autoconfigure/web/ErrorMvcAutoConfiguration$WhitelabelErrorViewConfiguration.class]] with [Root bean: class [null]; scope=; abstract=false; lazyInit=false; autowireMode=3; dependencyCheck=0; autowireCandidate=true; primary=false; factoryBeanName=org.springframework.boot.autoconfigure.web.WebMvcAutoConfiguration$WebMvcAutoConfigurationAdapter; factoryMethodName=beanNameViewResolver; initMethodName=null; destroyMethodName=(inferred); defined in class path resource [org/springframework/boot/autoconfigure/web/WebMvcAutoConfiguration$WebMvcAutoConfigurationAdapter.class]]
2015-03-20 20:32:07.130  INFO 5280 --- [main] trationDelegate$BeanPostProcessorChecker : Bean 'org.springframework.scheduling.annotation.SchedulingConfiguration' of type [class org.springframework.scheduling.annotation.SchedulingConfiguration$$EnhancerBySpringCGLIB$$48604973] is not eligible for getting processed by all BeanPostProcessors (for example: not eligible for auto-proxying)
2015-03-20 20:32:07.386  INFO 5280 --- [main] trationDelegate$BeanPostProcessorChecker : Bean 'org.springframework.transaction.annotation.ProxyTransactionManagementConfiguration' of type [class org.springframework.transaction.annotation.ProxyTransactionManagementConfiguration$$EnhancerBySpringCGLIB$$d80ac658] is not eligible for getting processed by all BeanPostProcessors (for example: not eligible for auto-proxying)
2015-03-20 20:32:07.422  INFO 5280 --- [main] trationDelegate$BeanPostProcessorChecker : Bean 'transactionAttributeSource' of type [class org.springframework.transaction.annotation.AnnotationTransactionAttributeSource] is not eligible for getting processed by all BeanPostProcessors (for example: not eligible for auto-proxying)
2015-03-20 20:32:07.436  INFO 5280 --- [main] trationDelegate$BeanPostProcessorChecker : Bean 'transactionInterceptor' of type [class org.springframework.transaction.interceptor.TransactionInterceptor] is not eligible for getting processed by all BeanPostProcessors (for example: not eligible for auto-proxying)
2015-03-20 20:32:07.450  INFO 5280 --- [main] trationDelegate$BeanPostProcessorChecker : Bean 'org.springframework.transaction.config.internalTransactionAdvisor' of type [class org.springframework.transaction.interceptor.BeanFactoryTransactionAttributeSourceAdvisor] is not eligible for getting processed by all BeanPostProcessors (for example: not eligible for auto-proxying)
2015-03-20 20:32:08.170  INFO 5280 --- [main] s.b.c.e.t.TomcatEmbeddedServletContainer : Tomcat initialized with port(s): 8077 (http)
2015-03-20 20:32:08.772  INFO 5280 --- [main] o.apache.catalina.core.StandardService   : Starting service Tomcat
2015-03-20 20:32:08.773  INFO 5280 --- [main] org.apache.catalina.core.StandardEngine  : Starting Servlet Engine: Apache Tomcat/8.0.20
2015-03-20 20:32:09.014  INFO 5280 --- [localhost-startStop-1] o.a.c.c.C.[.[localhost].[/scala-demo]    : Initializing Spring embedded WebApplicationContext
2015-03-20 20:32:09.016  INFO 5280 --- [localhost-startStop-1] o.s.web.context.ContextLoader            : Root WebApplicationContext: initialization completed in 3960 ms
2015-03-20 20:32:10.313  INFO 5280 --- [localhost-startStop-1] o.s.b.c.e.ServletRegistrationBean        : Mapping servlet: 'dispatcherServlet' to [/]
2015-03-20 20:32:10.320  INFO 5280 --- [localhost-startStop-1] o.s.b.c.embedded.FilterRegistrationBean  : Mapping filter: 'metricFilter' to: [/*]
2015-03-20 20:32:10.322  INFO 5280 --- [localhost-startStop-1] o.s.b.c.embedded.FilterRegistrationBean  : Mapping filter: 'characterEncodingFilter' to: [/*]
2015-03-20 20:32:10.343  INFO 5280 --- [localhost-startStop-1] o.s.b.c.embedded.FilterRegistrationBean  : Mapping filter: 'webRequestLoggingFilter' to: [/*]
2015-03-20 20:32:10.348  INFO 5280 --- [localhost-startStop-1] o.s.b.c.embedded.FilterRegistrationBean  : Mapping filter: 'crossDomainFilter' to: [/*]
2015-03-20 20:32:10.355  INFO 5280 --- [localhost-startStop-1] o.s.b.c.embedded.FilterRegistrationBean  : Mapping filter: 'hiddenHttpMethodFilter' to: [/*]
2015-03-20 20:32:10.364  INFO 5280 --- [localhost-startStop-1] o.s.b.c.embedded.FilterRegistrationBean  : Mapping filter: 'applicationContextIdFilter' to: [/*]
2015-03-20 20:32:10.503  WARN 5280 --- [main] ationConfigEmbeddedWebApplicationContext : Exception encountered during context initialization - cancelling refresh attempt

org.springframework.beans.factory.BeanCreationException: Error creating bean with name 'org.springframework.boot.autoconfigure.orm.jpa.HibernateJpaAutoConfiguration': Injection of autowired dependencies failed; nested exception is org.springframework.beans.factory.BeanCreationException: Could not autowire field: private javax.sql.DataSource org.springframework.boot.autoconfigure.orm.jpa.JpaBaseConfiguration.dataSource; nested exception is org.springframework.beans.factory.BeanCreationException: Error creating bean with name 'dataSource' defined in class path resource [org/springframework/boot/autoconfigure/jdbc/DataSourceAutoConfiguration$NonEmbeddedConfiguration.class]: Bean instantiation via factory method failed; nested exception is org.springframework.beans.BeanInstantiationException: Failed to instantiate [javax.sql.DataSource]: Factory method 'dataSource' threw exception; nested exception is java.lang.IllegalStateException: Cannot load driver class: com.mysql.jdbc.Driver
	at org.springframework.beans.factory.annotation.AutowiredAnnotationBeanPostProcessor.postProcessPropertyValues(AutowiredAnnotationBeanPostProcessor.java:334)
	at org.springframework.beans.factory.support.AbstractAutowireCapableBeanFactory.populateBean(AbstractAutowireCapableBeanFactory.java:1202)
	at org.springframework.beans.factory.support.AbstractAutowireCapableBeanFactory.doCreateBean(AbstractAutowireCapableBeanFactory.java:537)
	at org.springframework.beans.factory.support.AbstractAutowireCapableBeanFactory.createBean(AbstractAutowireCapableBeanFactory.java:476)
	at org.springframework.beans.factory.support.AbstractBeanFactory$1.getObject(AbstractBeanFactory.java:303)
	at org.springframework.beans.factory.support.DefaultSingletonBeanRegistry.getSingleton(DefaultSingletonBeanRegistry.java:230)
	at org.springframework.beans.factory.support.AbstractBeanFactory.doGetBean(AbstractBeanFactory.java:299)
	at org.springframework.beans.factory.support.AbstractBeanFactory.getBean(AbstractBeanFactory.java:194)
	at org.springframework.beans.factory.support.ConstructorResolver.instantiateUsingFactoryMethod(ConstructorResolver.java:368)
	at org.springframework.beans.factory.support.AbstractAutowireCapableBeanFactory.instantiateUsingFactoryMethod(AbstractAutowireCapableBeanFactory.java:1111)
	at org.springframework.beans.factory.support.AbstractAutowireCapableBeanFactory.createBeanInstance(AbstractAutowireCapableBeanFactory.java:1006)
	at org.springframework.beans.factory.support.AbstractAutowireCapableBeanFactory.doCreateBean(AbstractAutowireCapableBeanFactory.java:504)
	at org.springframework.beans.factory.support.AbstractAutowireCapableBeanFactory.createBean(AbstractAutowireCapableBeanFactory.java:476)
	at org.springframework.beans.factory.support.AbstractBeanFactory$1.getObject(AbstractBeanFactory.java:303)
	at org.springframework.beans.factory.support.DefaultSingletonBeanRegistry.getSingleton(DefaultSingletonBeanRegistry.java:230)
	at org.springframework.beans.factory.support.AbstractBeanFactory.doGetBean(AbstractBeanFactory.java:299)
	at org.springframework.beans.factory.support.AbstractBeanFactory.getBean(AbstractBeanFactory.java:194)
	at org.springframework.context.support.AbstractApplicationContext.getBean(AbstractApplicationContext.java:956)
	at org.springframework.context.support.AbstractApplicationContext.finishBeanFactoryInitialization(AbstractApplicationContext.java:747)
	at org.springframework.context.support.AbstractApplicationContext.refresh(AbstractApplicationContext.java:480)
	at org.springframework.boot.context.embedded.EmbeddedWebApplicationContext.refresh(EmbeddedWebApplicationContext.java:118)
	at org.springframework.boot.SpringApplication.refresh(SpringApplication.java:686)
	at org.springframework.boot.SpringApplication.run(SpringApplication.java:320)
	at org.springframework.boot.SpringApplication.run(SpringApplication.java:957)
	at org.springframework.boot.SpringApplication.run(SpringApplication.java:946)
	at com.gaodashang.demo.MainApplicationConfiguration$.main(MainApplicationConfiguration.scala:36)
	at com.gaodashang.demo.MainApplicationConfiguration.main(MainApplicationConfiguration.scala)
Caused by: org.springframework.beans.factory.BeanCreationException: Could not autowire field: private javax.sql.DataSource org.springframework.boot.autoconfigure.orm.jpa.JpaBaseConfiguration.dataSource; nested exception is org.springframework.beans.factory.BeanCreationException: Error creating bean with name 'dataSource' defined in class path resource [org/springframework/boot/autoconfigure/jdbc/DataSourceAutoConfiguration$NonEmbeddedConfiguration.class]: Bean instantiation via factory method failed; nested exception is org.springframework.beans.BeanInstantiationException: Failed to instantiate [javax.sql.DataSource]: Factory method 'dataSource' threw exception; nested exception is java.lang.IllegalStateException: Cannot load driver class: com.mysql.jdbc.Driver
	at org.springframework.beans.factory.annotation.AutowiredAnnotationBeanPostProcessor$AutowiredFieldElement.inject(AutowiredAnnotationBeanPostProcessor.java:561)
	at org.springframework.beans.factory.annotation.InjectionMetadata.inject(InjectionMetadata.java:88)
	at org.springframework.beans.factory.annotation.AutowiredAnnotationBeanPostProcessor.postProcessPropertyValues(AutowiredAnnotationBeanPostProcessor.java:331)
	... 26 common frames omitted
Caused by: org.springframework.beans.factory.BeanCreationException: Error creating bean with name 'dataSource' defined in class path resource [org/springframework/boot/autoconfigure/jdbc/DataSourceAutoConfiguration$NonEmbeddedConfiguration.class]: Bean instantiation via factory method failed; nested exception is org.springframework.beans.BeanInstantiationException: Failed to instantiate [javax.sql.DataSource]: Factory method 'dataSource' threw exception; nested exception is java.lang.IllegalStateException: Cannot load driver class: com.mysql.jdbc.Driver
	at org.springframework.beans.factory.support.ConstructorResolver.instantiateUsingFactoryMethod(ConstructorResolver.java:599)
	at org.springframework.beans.factory.support.AbstractAutowireCapableBeanFactory.instantiateUsingFactoryMethod(AbstractAutowireCapableBeanFactory.java:1111)
	at org.springframework.beans.factory.support.AbstractAutowireCapableBeanFactory.createBeanInstance(AbstractAutowireCapableBeanFactory.java:1006)
	at org.springframework.beans.factory.support.AbstractAutowireCapableBeanFactory.doCreateBean(AbstractAutowireCapableBeanFactory.java:504)
	at org.springframework.beans.factory.support.AbstractAutowireCapableBeanFactory.createBean(AbstractAutowireCapableBeanFactory.java:476)
	at org.springframework.beans.factory.support.AbstractBeanFactory$1.getObject(AbstractBeanFactory.java:303)
	at org.springframework.beans.factory.support.DefaultSingletonBeanRegistry.getSingleton(DefaultSingletonBeanRegistry.java:230)
	at org.springframework.beans.factory.support.AbstractBeanFactory.doGetBean(AbstractBeanFactory.java:299)
	at org.springframework.beans.factory.support.AbstractBeanFactory.getBean(AbstractBeanFactory.java:194)
	at org.springframework.beans.factory.support.DefaultListableBeanFactory.findAutowireCandidates(DefaultListableBeanFactory.java:1120)
	at org.springframework.beans.factory.support.DefaultListableBeanFactory.doResolveDependency(DefaultListableBeanFactory.java:1044)
	at org.springframework.beans.factory.support.DefaultListableBeanFactory.resolveDependency(DefaultListableBeanFactory.java:942)
	at org.springframework.beans.factory.annotation.AutowiredAnnotationBeanPostProcessor$AutowiredFieldElement.inject(AutowiredAnnotationBeanPostProcessor.java:533)
	... 28 common frames omitted
Caused by: org.springframework.beans.BeanInstantiationException: Failed to instantiate [javax.sql.DataSource]: Factory method 'dataSource' threw exception; nested exception is java.lang.IllegalStateException: Cannot load driver class: com.mysql.jdbc.Driver
	at org.springframework.beans.factory.support.SimpleInstantiationStrategy.instantiate(SimpleInstantiationStrategy.java:189)
	at org.springframework.beans.factory.support.ConstructorResolver.instantiateUsingFactoryMethod(ConstructorResolver.java:588)
	... 40 common frames omitted
Caused by: java.lang.IllegalStateException: Cannot load driver class: com.mysql.jdbc.Driver
	at org.springframework.util.Assert.state(Assert.java:385)
	at org.springframework.boot.autoconfigure.jdbc.DataSourceProperties.getDriverClassName(DataSourceProperties.java:122)
	at org.springframework.boot.autoconfigure.jdbc.DataSourceAutoConfiguration$NonEmbeddedConfiguration.dataSource(DataSourceAutoConfiguration.java:117)
	at sun.reflect.NativeMethodAccessorImpl.invoke0(Native Method)
	at sun.reflect.NativeMethodAccessorImpl.invoke(NativeMethodAccessorImpl.java:62)
	at sun.reflect.DelegatingMethodAccessorImpl.invoke(DelegatingMethodAccessorImpl.java:43)
	at java.lang.reflect.Method.invoke(Method.java:483)
	at org.springframework.beans.factory.support.SimpleInstantiationStrategy.instantiate(SimpleInstantiationStrategy.java:162)
	... 41 common frames omitted

2015-03-20 20:32:10.519  INFO 5280 --- [main] o.apache.catalina.core.StandardService   : Stopping service Tomcat
2015-03-20 20:32:10.818  INFO 5280 --- [main] .b.l.ClasspathLoggingApplicationListener : Application failed to start with classpath: [file:/F:/spring/spring-boot-demos/scala-demo/src/main/resources/, file:/F:/spring/spring-boot-demos/scala-demo/build/classes/main/, file:/F:/spring/spring-boot-demos/scala-demo/build/resources/main/, file:/F:/eva/gradleuserhomea/caches/modules-2/files-2.1/org.springframework.boot/spring-boot-starter-web/1.2.2.RELEASE/a535214841176be3bf6ea28182010c9407b0f18d/spring-boot-starter-web-1.2.2.RELEASE.jar, file:/F:/eva/gradleuserhomea/caches/modules-2/files-2.1/org.springframework.boot/spring-boot-starter-actuator/1.2.2.RELEASE/174aa6c70f198ab5ef0c52e3912f8385e08978f2/spring-boot-starter-actuator-1.2.2.RELEASE.jar, file:/F:/eva/gradleuserhomea/caches/modules-2/files-2.1/org.springframework.boot/spring-boot-starter-data-jpa/1.2.2.RELEASE/8a02eb70c52494af581103907587e206bad69571/spring-boot-starter-data-jpa-1.2.2.RELEASE.jar, file:/F:/eva/gradleuserhomea/caches/modules-2/files-2.1/org.springframework.scala/spring-scala_2.10/1.0.0.RC1/543da1bea043757722fafc0f2a0240cfe409a8c5/spring-scala_2.10-1.0.0.RC1.jar, file:/F:/eva/gradleuserhomea/caches/modules-2/files-2.1/org.springframework.boot/spring-boot-starter-tomcat/1.2.2.RELEASE/1ab9d88deea40fb722e63341da7e0c304790e249/spring-boot-starter-tomcat-1.2.2.RELEASE.jar, file:/F:/eva/gradleuserhomea/caches/modules-2/files-2.1/org.springframework.boot/spring-boot-starter/1.2.2.RELEASE/429a2235590cb4192a3290fee8eaa6fb67a2a2f2/spring-boot-starter-1.2.2.RELEASE.jar, file:/F:/eva/gradleuserhomea/caches/modules-2/files-2.1/com.fasterxml.jackson.core/jackson-databind/2.4.5/c69c0cb613128c69d84a6a0304ddb9fce82e8242/jackson-databind-2.4.5.jar, file:/F:/eva/gradleuserhomea/caches/modules-2/files-2.1/org.hibernate/hibernate-validator/5.1.3.Final/334d46a93cf095160ce06d8382594b904933c808/hibernate-validator-5.1.3.Final.jar, file:/F:/eva/gradleuserhomea/caches/modules-2/files-2.1/org.springframework/spring-core/4.1.5.RELEASE/4f9af02bca3066ea0d5ac450332ca210c5de1957/spring-core-4.1.5.RELEASE.jar, file:/F:/eva/gradleuserhomea/caches/modules-2/files-2.1/org.springframework/spring-web/4.1.5.RELEASE/8e542f560b65c920bf60cbc5db5b1097610fa94a/spring-web-4.1.5.RELEASE.jar, file:/F:/eva/gradleuserhomea/caches/modules-2/files-2.1/org.springframework/spring-webmvc/4.1.5.RELEASE/71b10b2ba7f6f0cce690d55e4bc8afc823d16628/spring-webmvc-4.1.5.RELEASE.jar, file:/F:/eva/gradleuserhomea/caches/modules-2/files-2.1/org.springframework.boot/spring-boot-actuator/1.2.2.RELEASE/a5e88281056259e05a52404c893efa7d965f5fe1/spring-boot-actuator-1.2.2.RELEASE.jar, file:/F:/eva/gradleuserhomea/caches/modules-2/files-2.1/org.springframework.boot/spring-boot-starter-aop/1.2.2.RELEASE/3d14eb63a887a3c20330f308492f451caf3fc520/spring-boot-starter-aop-1.2.2.RELEASE.jar, file:/F:/eva/gradleuserhomea/caches/modules-2/files-2.1/org.springframework.boot/spring-boot-starter-jdbc/1.2.2.RELEASE/f31c100dafea49abdda20c9a35c300603b7ea8a9/spring-boot-starter-jdbc-1.2.2.RELEASE.jar, file:/F:/eva/gradleuserhomea/caches/modules-2/files-2.1/org.hibernate/hibernate-entitymanager/4.3.8.Final/eeb1e6d969eb58627329e227da87ae284e93113d/hibernate-entitymanager-4.3.8.Final.jar, file:/F:/eva/gradleuserhomea/caches/modules-2/files-2.1/javax.transaction/javax.transaction-api/1.2/d81aff979d603edd90dcd8db2abc1f4ce6479e3e/javax.transaction-api-1.2.jar, file:/F:/eva/gradleuserhomea/caches/modules-2/files-2.1/org.springframework/spring-orm/4.1.5.RELEASE/a9b3c93d84aeec9c91cadaa0fc7adb9500166ef5/spring-orm-4.1.5.RELEASE.jar, file:/F:/eva/gradleuserhomea/caches/modules-2/files-2.1/org.springframework.data/spring-data-jpa/1.7.2.RELEASE/cc2be6b81771fca7c3d92c6277d00e65b19807b8/spring-data-jpa-1.7.2.RELEASE.jar, file:/F:/eva/gradleuserhomea/caches/modules-2/files-2.1/org.springframework/spring-aspects/4.1.5.RELEASE/cbdd73ca7ce12f4538c852e220299a546e60c1cf/spring-aspects-4.1.5.RELEASE.jar, file:/F:/eva/gradleuserhomea/caches/modules-2/files-2.1/org.scala-lang/scala-library/2.10.2/6ba65d12cd09d441083262d6f73d2257fec7c663/scala-library-2.10.2.jar, file:/F:/eva/gradleuserhomea/caches/modules-2/files-2.1/org.scala-lang/scala-reflect/2.10.2/444ff8e89a81697997ed8a98a4642ba283130249/scala-reflect-2.10.2.jar, file:/F:/eva/gradleuserhomea/caches/modules-2/files-2.1/org.apache.tomcat.embed/tomcat-embed-core/8.0.20/5810725255089f4d0b7ab19ac70b8c4a9cd8d4a3/tomcat-embed-core-8.0.20.jar, file:/F:/eva/gradleuserhomea/caches/modules-2/files-2.1/org.apache.tomcat.embed/tomcat-embed-el/8.0.20/8050b326d0ee31ba91b06e420b57efe77a6f0516/tomcat-embed-el-8.0.20.jar, file:/F:/eva/gradleuserhomea/caches/modules-2/files-2.1/org.apache.tomcat.embed/tomcat-embed-logging-juli/8.0.20/234ee053b3dbd4bca2fc221a99d4f7d292d33e0b/tomcat-embed-logging-juli-8.0.20.jar, file:/F:/eva/gradleuserhomea/caches/modules-2/files-2.1/org.apache.tomcat.embed/tomcat-embed-websocket/8.0.20/b4914491d1baa90958e5c951bec7140e65874f3/tomcat-embed-websocket-8.0.20.jar, file:/F:/eva/gradleuserhomea/caches/modules-2/files-2.1/org.springframework.boot/spring-boot/1.2.2.RELEASE/c2495d6c08c742743366f50e25ad76f5dfcd9f75/spring-boot-1.2.2.RELEASE.jar, file:/F:/eva/gradleuserhomea/caches/modules-2/files-2.1/org.springframework.boot/spring-boot-autoconfigure/1.2.2.RELEASE/b16ddfda7cb07c482affa7d1d818641e014c5b5d/spring-boot-autoconfigure-1.2.2.RELEASE.jar, file:/F:/eva/gradleuserhomea/caches/modules-2/files-2.1/org.springframework.boot/spring-boot-starter-logging/1.2.2.RELEASE/4d0f703a0d485e0725bd208cacb6e88653e7938a/spring-boot-starter-logging-1.2.2.RELEASE.jar, file:/F:/eva/gradleuserhomea/caches/modules-2/files-2.1/org.yaml/snakeyaml/1.14/c2df91929ed06a25001939929bff5120e0ea3fd4/snakeyaml-1.14.jar, file:/F:/eva/gradleuserhomea/caches/modules-2/files-2.1/com.fasterxml.jackson.core/jackson-annotations/2.4.0/d6a66c7a5f01cf500377bd669507a08cfeba882a/jackson-annotations-2.4.0.jar, file:/F:/eva/gradleuserhomea/caches/modules-2/files-2.1/com.fasterxml.jackson.core/jackson-core/2.4.5/6fb96728ee26edb19fe329d94f3bd4df1a97652a/jackson-core-2.4.5.jar, file:/F:/eva/gradleuserhomea/caches/modules-2/files-2.1/javax.validation/validation-api/1.1.0.Final/8613ae82954779d518631e05daa73a6a954817d5/validation-api-1.1.0.Final.jar, file:/F:/eva/gradleuserhomea/caches/modules-2/files-2.1/org.jboss.logging/jboss-logging/3.1.3.GA/64499e907f19e5e1b3fdc02f81440c1832fe3545/jboss-logging-3.1.3.GA.jar, file:/F:/eva/gradleuserhomea/caches/modules-2/files-2.1/com.fasterxml/classmate/1.0.0/434efef28c81162b17c540e634cffa3bd9b09b4c/classmate-1.0.0.jar, file:/F:/eva/gradleuserhomea/caches/modules-2/files-2.1/org.springframework/spring-aop/4.1.5.RELEASE/f370549f6e84fe25671963c3f1c3f0e90d8b4cac/spring-aop-4.1.5.RELEASE.jar, file:/F:/eva/gradleuserhomea/caches/modules-2/files-2.1/org.springframework/spring-expression/4.1.5.RELEASE/e55a83a99260973099833cae425716ecb4b77850/spring-expression-4.1.5.RELEASE.jar, file:/F:/eva/gradleuserhomea/caches/modules-2/files-2.1/org.aspectj/aspectjrt/1.8.5/39a8ff2d1f79267907f5573c090b342b040b9682/aspectjrt-1.8.5.jar, file:/F:/eva/gradleuserhomea/caches/modules-2/files-2.1/org.aspectj/aspectjweaver/1.8.5/6004670a8cbcbe794d73ad00106779561ad1b180/aspectjweaver-1.8.5.jar, file:/F:/eva/gradleuserhomea/caches/modules-2/files-2.1/org.springframework/spring-jdbc/4.1.5.RELEASE/8df7ebc3bec108e1e71370e4dae1c8591966f622/spring-jdbc-4.1.5.RELEASE.jar, file:/F:/eva/gradleuserhomea/caches/modules-2/files-2.1/org.apache.tomcat/tomcat-jdbc/8.0.20/7802cb686f4dec006ae31b86b283ddd45f4a3d/tomcat-jdbc-8.0.20.jar, file:/F:/eva/gradleuserhomea/caches/modules-2/files-2.1/org.springframework/spring-tx/4.1.5.RELEASE/258d04c25cdae15dce060e93bb9646f3a153475d/spring-tx-4.1.5.RELEASE.jar, file:/F:/eva/gradleuserhomea/caches/modules-2/files-2.1/org.jboss.logging/jboss-logging-annotations/1.2.0.Beta1/2f437f37bb265d9f8f1392823dbca12d2bec06d6/jboss-logging-annotations-1.2.0.Beta1.jar, file:/F:/eva/gradleuserhomea/caches/modules-2/files-2.1/org.hibernate/hibernate-core/4.3.8.Final/72afcf795dea9d787141fbf665924d634471dcbf/hibernate-core-4.3.8.Final.jar, file:/F:/eva/gradleuserhomea/caches/modules-2/files-2.1/dom4j/dom4j/1.6.1/5d3ccc056b6f056dbf0dddfdf43894b9065a8f94/dom4j-1.6.1.jar, file:/F:/eva/gradleuserhomea/caches/modules-2/files-2.1/org.hibernate.common/hibernate-commons-annotations/4.0.5.Final/2a581b9edb8168e45060d8bad8b7f46712d2c52c/hibernate-commons-annotations-4.0.5.Final.jar, file:/F:/eva/gradleuserhomea/caches/modules-2/files-2.1/org.hibernate.javax.persistence/hibernate-jpa-2.1-api/1.0.0.Final/5e731d961297e5a07290bfaf3db1fbc8bbbf405a/hibernate-jpa-2.1-api-1.0.0.Final.jar, file:/F:/eva/gradleuserhomea/caches/modules-2/files-2.1/org.javassist/javassist/3.18.1-GA/d9a09f7732226af26bf99f19e2cffe0ae219db5b/javassist-3.18.1-GA.jar, file:/F:/eva/gradleuserhomea/caches/modules-2/files-2.1/org.springframework.data/spring-data-commons/1.9.2.RELEASE/6f92f93d9f837ea8a97a99e9bb850d3a08974c99/spring-data-commons-1.9.2.RELEASE.jar, file:/F:/eva/gradleuserhomea/caches/modules-2/files-2.1/org.slf4j/slf4j-api/1.7.10/5b338f206827d88acd890739f400a9b7664e5984/slf4j-api-1.7.10.jar, file:/F:/eva/gradleuserhomea/caches/modules-2/files-2.1/org.slf4j/jcl-over-slf4j/1.7.10/ce49a188721bc39cb9710b346ae9b7ec27b0f36b/jcl-over-slf4j-1.7.10.jar, file:/F:/eva/gradleuserhomea/caches/modules-2/files-2.1/org.slf4j/jul-to-slf4j/1.7.10/35dd785e5e36c957da395091c837dd2ed57b7fa3/jul-to-slf4j-1.7.10.jar, file:/F:/eva/gradleuserhomea/caches/modules-2/files-2.1/org.slf4j/log4j-over-slf4j/1.7.10/e62ea5dcb382aff512c18e40fed01a30e0480cd3/log4j-over-slf4j-1.7.10.jar, file:/F:/eva/gradleuserhomea/caches/modules-2/files-2.1/ch.qos.logback/logback-classic/1.1.2/b316e9737eea25e9ddd6d88eaeee76878045c6b2/logback-classic-1.1.2.jar, file:/F:/eva/gradleuserhomea/caches/modules-2/files-2.1/org.apache.tomcat/tomcat-juli/8.0.20/f1654901f9bd84c03c648099335dd2f7e7085f90/tomcat-juli-8.0.20.jar, file:/F:/eva/gradleuserhomea/caches/modules-2/files-2.1/antlr/antlr/2.7.7/83cd2cd674a217ade95a4bb83a8a14f351f48bd0/antlr-2.7.7.jar, file:/F:/eva/gradleuserhomea/caches/modules-2/files-2.1/org.jboss/jandex/1.1.0.Final/e84a2122e76f0b6503be78094ddf2108057ac15f/jandex-1.1.0.Final.jar, file:/F:/eva/gradleuserhomea/caches/modules-2/files-2.1/xml-apis/xml-apis/1.0.b2/3136ca936f64c9d68529f048c2618bd356bf85c9/xml-apis-1.0.b2.jar, file:/F:/eva/gradleuserhomea/caches/modules-2/files-2.1/ch.qos.logback/logback-core/1.1.2/2d23694879c2c12f125dac5076bdfd5d771cc4cb/logback-core-1.1.2.jar, file:/F:/eva/gradleuserhomea/caches/modules-2/files-2.1/commons-logging/commons-logging/1.2/4bfc12adfe4842bf07b657f0369c4cb522955686/commons-logging-1.2.jar, file:/F:/eva/gradleuserhomea/caches/modules-2/files-2.1/org.springframework/spring-beans/4.1.5.RELEASE/5f82fae5c6359ff883e5e06c2c56169286b7e137/spring-beans-4.1.5.RELEASE.jar, file:/F:/eva/gradleuserhomea/caches/modules-2/files-2.1/org.springframework/spring-context/4.1.5.RELEASE/483e58e37120c008df917abda73cd81f68d269/spring-context-4.1.5.RELEASE.jar, file:/F:/eva/gradleuserhomea/caches/modules-2/files-2.1/aopalliance/aopalliance/1.0/235ba8b489512805ac13a8f9ea77a1ca5ebe3e8/aopalliance-1.0.jar]
2015-03-20 20:32:10.822  INFO 5280 --- [main] utoConfigurationReportLoggingInitializer : 

Error starting ApplicationContext. To display the auto-configuration report enabled debug logging (start with --debug)


2015-03-20 20:32:10.824 ERROR 5280 --- [main] o.s.boot.SpringApplication               : Application startup failed

org.springframework.beans.factory.BeanCreationException: Error creating bean with name 'org.springframework.boot.autoconfigure.orm.jpa.HibernateJpaAutoConfiguration': Injection of autowired dependencies failed; nested exception is org.springframework.beans.factory.BeanCreationException: Could not autowire field: private javax.sql.DataSource org.springframework.boot.autoconfigure.orm.jpa.JpaBaseConfiguration.dataSource; nested exception is org.springframework.beans.factory.BeanCreationException: Error creating bean with name 'dataSource' defined in class path resource [org/springframework/boot/autoconfigure/jdbc/DataSourceAutoConfiguration$NonEmbeddedConfiguration.class]: Bean instantiation via factory method failed; nested exception is org.springframework.beans.BeanInstantiationException: Failed to instantiate [javax.sql.DataSource]: Factory method 'dataSource' threw exception; nested exception is java.lang.IllegalStateException: Cannot load driver class: com.mysql.jdbc.Driver
	at org.springframework.beans.factory.annotation.AutowiredAnnotationBeanPostProcessor.postProcessPropertyValues(AutowiredAnnotationBeanPostProcessor.java:334)
	at org.springframework.beans.factory.support.AbstractAutowireCapableBeanFactory.populateBean(AbstractAutowireCapableBeanFactory.java:1202)
	at org.springframework.beans.factory.support.AbstractAutowireCapableBeanFactory.doCreateBean(AbstractAutowireCapableBeanFactory.java:537)
	at org.springframework.beans.factory.support.AbstractAutowireCapableBeanFactory.createBean(AbstractAutowireCapableBeanFactory.java:476)
	at org.springframework.beans.factory.support.AbstractBeanFactory$1.getObject(AbstractBeanFactory.java:303)
	at org.springframework.beans.factory.support.DefaultSingletonBeanRegistry.getSingleton(DefaultSingletonBeanRegistry.java:230)
	at org.springframework.beans.factory.support.AbstractBeanFactory.doGetBean(AbstractBeanFactory.java:299)
	at org.springframework.beans.factory.support.AbstractBeanFactory.getBean(AbstractBeanFactory.java:194)
	at org.springframework.beans.factory.support.ConstructorResolver.instantiateUsingFactoryMethod(ConstructorResolver.java:368)
	at org.springframework.beans.factory.support.AbstractAutowireCapableBeanFactory.instantiateUsingFactoryMethod(AbstractAutowireCapableBeanFactory.java:1111)
	at org.springframework.beans.factory.support.AbstractAutowireCapableBeanFactory.createBeanInstance(AbstractAutowireCapableBeanFactory.java:1006)
	at org.springframework.beans.factory.support.AbstractAutowireCapableBeanFactory.doCreateBean(AbstractAutowireCapableBeanFactory.java:504)
	at org.springframework.beans.factory.support.AbstractAutowireCapableBeanFactory.createBean(AbstractAutowireCapableBeanFactory.java:476)
	at org.springframework.beans.factory.support.AbstractBeanFactory$1.getObject(AbstractBeanFactory.java:303)
	at org.springframework.beans.factory.support.DefaultSingletonBeanRegistry.getSingleton(DefaultSingletonBeanRegistry.java:230)
	at org.springframework.beans.factory.support.AbstractBeanFactory.doGetBean(AbstractBeanFactory.java:299)
	at org.springframework.beans.factory.support.AbstractBeanFactory.getBean(AbstractBeanFactory.java:194)
	at org.springframework.context.support.AbstractApplicationContext.getBean(AbstractApplicationContext.java:956)
	at org.springframework.context.support.AbstractApplicationContext.finishBeanFactoryInitialization(AbstractApplicationContext.java:747)
	at org.springframework.context.support.AbstractApplicationContext.refresh(AbstractApplicationContext.java:480)
	at org.springframework.boot.context.embedded.EmbeddedWebApplicationContext.refresh(EmbeddedWebApplicationContext.java:118)
	at org.springframework.boot.SpringApplication.refresh(SpringApplication.java:686)
	at org.springframework.boot.SpringApplication.run(SpringApplication.java:320)
	at org.springframework.boot.SpringApplication.run(SpringApplication.java:957)
	at org.springframework.boot.SpringApplication.run(SpringApplication.java:946)
	at com.gaodashang.demo.MainApplicationConfiguration$.main(MainApplicationConfiguration.scala:36)
	at com.gaodashang.demo.MainApplicationConfiguration.main(MainApplicationConfiguration.scala)
Caused by: org.springframework.beans.factory.BeanCreationException: Could not autowire field: private javax.sql.DataSource org.springframework.boot.autoconfigure.orm.jpa.JpaBaseConfiguration.dataSource; nested exception is org.springframework.beans.factory.BeanCreationException: Error creating bean with name 'dataSource' defined in class path resource [org/springframework/boot/autoconfigure/jdbc/DataSourceAutoConfiguration$NonEmbeddedConfiguration.class]: Bean instantiation via factory method failed; nested exception is org.springframework.beans.BeanInstantiationException: Failed to instantiate [javax.sql.DataSource]: Factory method 'dataSource' threw exception; nested exception is java.lang.IllegalStateException: Cannot load driver class: com.mysql.jdbc.Driver
	at org.springframework.beans.factory.annotation.AutowiredAnnotationBeanPostProcessor$AutowiredFieldElement.inject(AutowiredAnnotationBeanPostProcessor.java:561)
	at org.springframework.beans.factory.annotation.InjectionMetadata.inject(InjectionMetadata.java:88)
	at org.springframework.beans.factory.annotation.AutowiredAnnotationBeanPostProcessor.postProcessPropertyValues(AutowiredAnnotationBeanPostProcessor.java:331)
	... 26 common frames omitted
Caused by: org.springframework.beans.factory.BeanCreationException: Error creating bean with name 'dataSource' defined in class path resource [org/springframework/boot/autoconfigure/jdbc/DataSourceAutoConfiguration$NonEmbeddedConfiguration.class]: Bean instantiation via factory method failed; nested exception is org.springframework.beans.BeanInstantiationException: Failed to instantiate [javax.sql.DataSource]: Factory method 'dataSource' threw exception; nested exception is java.lang.IllegalStateException: Cannot load driver class: com.mysql.jdbc.Driver
	at org.springframework.beans.factory.support.ConstructorResolver.instantiateUsingFactoryMethod(ConstructorResolver.java:599)
	at org.springframework.beans.factory.support.AbstractAutowireCapableBeanFactory.instantiateUsingFactoryMethod(AbstractAutowireCapableBeanFactory.java:1111)
	at org.springframework.beans.factory.support.AbstractAutowireCapableBeanFactory.createBeanInstance(AbstractAutowireCapableBeanFactory.java:1006)
	at org.springframework.beans.factory.support.AbstractAutowireCapableBeanFactory.doCreateBean(AbstractAutowireCapableBeanFactory.java:504)
	at org.springframework.beans.factory.support.AbstractAutowireCapableBeanFactory.createBean(AbstractAutowireCapableBeanFactory.java:476)
	at org.springframework.beans.factory.support.AbstractBeanFactory$1.getObject(AbstractBeanFactory.java:303)
	at org.springframework.beans.factory.support.DefaultSingletonBeanRegistry.getSingleton(DefaultSingletonBeanRegistry.java:230)
	at org.springframework.beans.factory.support.AbstractBeanFactory.doGetBean(AbstractBeanFactory.java:299)
	at org.springframework.beans.factory.support.AbstractBeanFactory.getBean(AbstractBeanFactory.java:194)
	at org.springframework.beans.factory.support.DefaultListableBeanFactory.findAutowireCandidates(DefaultListableBeanFactory.java:1120)
	at org.springframework.beans.factory.support.DefaultListableBeanFactory.doResolveDependency(DefaultListableBeanFactory.java:1044)
	at org.springframework.beans.factory.support.DefaultListableBeanFactory.resolveDependency(DefaultListableBeanFactory.java:942)
	at org.springframework.beans.factory.annotation.AutowiredAnnotationBeanPostProcessor$AutowiredFieldElement.inject(AutowiredAnnotationBeanPostProcessor.java:533)
	... 28 common frames omitted
Caused by: org.springframework.beans.BeanInstantiationException: Failed to instantiate [javax.sql.DataSource]: Factory method 'dataSource' threw exception; nested exception is java.lang.IllegalStateException: Cannot load driver class: com.mysql.jdbc.Driver
	at org.springframework.beans.factory.support.SimpleInstantiationStrategy.instantiate(SimpleInstantiationStrategy.java:189)
	at org.springframework.beans.factory.support.ConstructorResolver.instantiateUsingFactoryMethod(ConstructorResolver.java:588)
	... 40 common frames omitted
Caused by: java.lang.IllegalStateException: Cannot load driver class: com.mysql.jdbc.Driver
	at org.springframework.util.Assert.state(Assert.java:385)
	at org.springframework.boot.autoconfigure.jdbc.DataSourceProperties.getDriverClassName(DataSourceProperties.java:122)
	at org.springframework.boot.autoconfigure.jdbc.DataSourceAutoConfiguration$NonEmbeddedConfiguration.dataSource(DataSourceAutoConfiguration.java:117)
	at sun.reflect.NativeMethodAccessorImpl.invoke0(Native Method)
	at sun.reflect.NativeMethodAccessorImpl.invoke(NativeMethodAccessorImpl.java:62)
	at sun.reflect.DelegatingMethodAccessorImpl.invoke(DelegatingMethodAccessorImpl.java:43)
	at java.lang.reflect.Method.invoke(Method.java:483)
	at org.springframework.beans.factory.support.SimpleInstantiationStrategy.instantiate(SimpleInstantiationStrategy.java:162)
	... 41 common frames omitted

2015-03-20 21:20:34.277  INFO 4328 --- [main] c.g.demo.MainApplicationConfiguration$   : Starting MainApplicationConfiguration. on WIN-20131220ADM with PID 4328 (F:\spring\spring-boot-demos\scala-demo\build\classes\main started by Administrator in F:\spring\spring-boot-demos\scala-demo)
2015-03-20 21:20:34.282 DEBUG 4328 --- [main] c.g.demo.MainApplicationConfiguration$   : Running with Spring Boot v1.2.2.RELEASE, Spring v4.1.5.RELEASE
2015-03-20 21:20:34.349  INFO 4328 --- [main] ationConfigEmbeddedWebApplicationContext : Refreshing org.springframework.boot.context.embedded.AnnotationConfigEmbeddedWebApplicationContext@3b2cf7ab: startup date [Fri Mar 20 21:20:34 CST 2015]; root of context hierarchy
2015-03-20 21:20:35.361  INFO 4328 --- [main] o.s.b.f.s.DefaultListableBeanFactory     : Overriding bean definition for bean 'beanNameViewResolver': replacing [Root bean: class [null]; scope=; abstract=false; lazyInit=false; autowireMode=3; dependencyCheck=0; autowireCandidate=true; primary=false; factoryBeanName=org.springframework.boot.autoconfigure.web.ErrorMvcAutoConfiguration$WhitelabelErrorViewConfiguration; factoryMethodName=beanNameViewResolver; initMethodName=null; destroyMethodName=(inferred); defined in class path resource [org/springframework/boot/autoconfigure/web/ErrorMvcAutoConfiguration$WhitelabelErrorViewConfiguration.class]] with [Root bean: class [null]; scope=; abstract=false; lazyInit=false; autowireMode=3; dependencyCheck=0; autowireCandidate=true; primary=false; factoryBeanName=org.springframework.boot.autoconfigure.web.WebMvcAutoConfiguration$WebMvcAutoConfigurationAdapter; factoryMethodName=beanNameViewResolver; initMethodName=null; destroyMethodName=(inferred); defined in class path resource [org/springframework/boot/autoconfigure/web/WebMvcAutoConfiguration$WebMvcAutoConfigurationAdapter.class]]
2015-03-20 21:20:36.162  INFO 4328 --- [main] trationDelegate$BeanPostProcessorChecker : Bean 'org.springframework.scheduling.annotation.SchedulingConfiguration' of type [class org.springframework.scheduling.annotation.SchedulingConfiguration$$EnhancerBySpringCGLIB$$553f0c3c] is not eligible for getting processed by all BeanPostProcessors (for example: not eligible for auto-proxying)
2015-03-20 21:20:36.291  INFO 4328 --- [main] trationDelegate$BeanPostProcessorChecker : Bean 'org.springframework.transaction.annotation.ProxyTransactionManagementConfiguration' of type [class org.springframework.transaction.annotation.ProxyTransactionManagementConfiguration$$EnhancerBySpringCGLIB$$e4e98921] is not eligible for getting processed by all BeanPostProcessors (for example: not eligible for auto-proxying)
2015-03-20 21:20:36.335  INFO 4328 --- [main] trationDelegate$BeanPostProcessorChecker : Bean 'transactionAttributeSource' of type [class org.springframework.transaction.annotation.AnnotationTransactionAttributeSource] is not eligible for getting processed by all BeanPostProcessors (for example: not eligible for auto-proxying)
2015-03-20 21:20:36.351  INFO 4328 --- [main] trationDelegate$BeanPostProcessorChecker : Bean 'transactionInterceptor' of type [class org.springframework.transaction.interceptor.TransactionInterceptor] is not eligible for getting processed by all BeanPostProcessors (for example: not eligible for auto-proxying)
2015-03-20 21:20:36.357  INFO 4328 --- [main] trationDelegate$BeanPostProcessorChecker : Bean 'org.springframework.transaction.config.internalTransactionAdvisor' of type [class org.springframework.transaction.interceptor.BeanFactoryTransactionAttributeSourceAdvisor] is not eligible for getting processed by all BeanPostProcessors (for example: not eligible for auto-proxying)
2015-03-20 21:20:36.923  INFO 4328 --- [main] s.b.c.e.t.TomcatEmbeddedServletContainer : Tomcat initialized with port(s): 8077 (http)
2015-03-20 21:20:37.287  INFO 4328 --- [main] o.apache.catalina.core.StandardService   : Starting service Tomcat
2015-03-20 21:20:37.292  INFO 4328 --- [main] org.apache.catalina.core.StandardEngine  : Starting Servlet Engine: Apache Tomcat/8.0.20
2015-03-20 21:20:37.400  INFO 4328 --- [localhost-startStop-1] o.a.c.c.C.[.[localhost].[/scala-demo]    : Initializing Spring embedded WebApplicationContext
2015-03-20 21:20:37.401  INFO 4328 --- [localhost-startStop-1] o.s.web.context.ContextLoader            : Root WebApplicationContext: initialization completed in 3056 ms
2015-03-20 21:20:38.126  INFO 4328 --- [localhost-startStop-1] o.s.b.c.e.ServletRegistrationBean        : Mapping servlet: 'dispatcherServlet' to [/]
2015-03-20 21:20:38.138  INFO 4328 --- [localhost-startStop-1] o.s.b.c.embedded.FilterRegistrationBean  : Mapping filter: 'metricFilter' to: [/*]
2015-03-20 21:20:38.140  INFO 4328 --- [localhost-startStop-1] o.s.b.c.embedded.FilterRegistrationBean  : Mapping filter: 'characterEncodingFilter' to: [/*]
2015-03-20 21:20:38.141  INFO 4328 --- [localhost-startStop-1] o.s.b.c.embedded.FilterRegistrationBean  : Mapping filter: 'webRequestLoggingFilter' to: [/*]
2015-03-20 21:20:38.142  INFO 4328 --- [localhost-startStop-1] o.s.b.c.embedded.FilterRegistrationBean  : Mapping filter: 'crossDomainFilter' to: [/*]
2015-03-20 21:20:38.142  INFO 4328 --- [localhost-startStop-1] o.s.b.c.embedded.FilterRegistrationBean  : Mapping filter: 'hiddenHttpMethodFilter' to: [/*]
2015-03-20 21:20:38.143  INFO 4328 --- [localhost-startStop-1] o.s.b.c.embedded.FilterRegistrationBean  : Mapping filter: 'applicationContextIdFilter' to: [/*]
2015-03-20 21:20:38.610  INFO 4328 --- [main] j.LocalContainerEntityManagerFactoryBean : Building JPA container EntityManagerFactory for persistence unit 'default'
2015-03-20 21:20:38.623  INFO 4328 --- [main] o.hibernate.jpa.internal.util.LogHelper  : HHH000204: Processing PersistenceUnitInfo [
	name: default
	...]
2015-03-20 21:20:38.717  INFO 4328 --- [main] org.hibernate.Version                    : HHH000412: Hibernate Core {4.3.8.Final}
2015-03-20 21:20:38.720  INFO 4328 --- [main] org.hibernate.cfg.Environment            : HHH000206: hibernate.properties not found
2015-03-20 21:20:38.724  INFO 4328 --- [main] org.hibernate.cfg.Environment            : HHH000021: Bytecode provider name : javassist
2015-03-20 21:20:38.872  INFO 4328 --- [main] o.hibernate.annotations.common.Version   : HCANN000001: Hibernate Commons Annotations {4.0.5.Final}
2015-03-20 21:20:40.978  INFO 4328 --- [main] org.hibernate.dialect.Dialect            : HHH000400: Using dialect: org.hibernate.dialect.MySQL5Dialect
2015-03-20 21:20:41.041  INFO 4328 --- [main] o.h.h.i.ast.ASTQueryTranslatorFactory    : HHH000397: Using ASTQueryTranslatorFactory
2015-03-20 21:20:41.186  INFO 4328 --- [main] org.hibernate.tool.hbm2ddl.SchemaUpdate  : HHH000228: Running hbm2ddl schema update
2015-03-20 21:20:41.187  INFO 4328 --- [main] org.hibernate.tool.hbm2ddl.SchemaUpdate  : HHH000102: Fetching database metadata
2015-03-20 21:20:41.192  INFO 4328 --- [main] org.hibernate.tool.hbm2ddl.SchemaUpdate  : HHH000396: Updating schema
2015-03-20 21:20:41.195  INFO 4328 --- [main] org.hibernate.tool.hbm2ddl.SchemaUpdate  : HHH000232: Schema update complete
2015-03-20 21:20:41.744  INFO 4328 --- [main] s.w.s.m.m.a.RequestMappingHandlerAdapter : Looking for @ControllerAdvice: org.springframework.boot.context.embedded.AnnotationConfigEmbeddedWebApplicationContext@3b2cf7ab: startup date [Fri Mar 20 21:20:34 CST 2015]; root of context hierarchy
2015-03-20 21:20:41.814  INFO 4328 --- [main] s.w.s.m.m.a.RequestMappingHandlerMapping : Mapped "{[/message/deferedOperate],methods=[],params=[],headers=[],consumes=[],produces=[],custom=[]}" onto public java.lang.Object com.gaodashang.demo.endpoint.MainController.deferedOperateFunction(java.lang.String)
2015-03-20 21:20:41.816  INFO 4328 --- [main] s.w.s.m.m.a.RequestMappingHandlerMapping : Mapped "{[/error],methods=[],params=[],headers=[],consumes=[],produces=[],custom=[]}" onto public org.springframework.http.ResponseEntity<java.util.Map<java.lang.String, java.lang.Object>> org.springframework.boot.autoconfigure.web.BasicErrorController.error(javax.servlet.http.HttpServletRequest)
2015-03-20 21:20:41.817  INFO 4328 --- [main] s.w.s.m.m.a.RequestMappingHandlerMapping : Mapped "{[/error],methods=[],params=[],headers=[],consumes=[],produces=[text/html],custom=[]}" onto public org.springframework.web.servlet.ModelAndView org.springframework.boot.autoconfigure.web.BasicErrorController.errorHtml(javax.servlet.http.HttpServletRequest)
2015-03-20 21:20:41.844  INFO 4328 --- [main] o.s.w.s.handler.SimpleUrlHandlerMapping  : Mapped URL path [/webjars/**] onto handler of type [class org.springframework.web.servlet.resource.ResourceHttpRequestHandler]
2015-03-20 21:20:41.845  INFO 4328 --- [main] o.s.w.s.handler.SimpleUrlHandlerMapping  : Mapped URL path [/**] onto handler of type [class org.springframework.web.servlet.resource.ResourceHttpRequestHandler]
2015-03-20 21:20:41.885  INFO 4328 --- [main] o.s.w.s.handler.SimpleUrlHandlerMapping  : Mapped URL path [/**/favicon.ico] onto handler of type [class org.springframework.web.servlet.resource.ResourceHttpRequestHandler]
2015-03-20 21:20:42.416  INFO 4328 --- [main] o.s.b.a.e.mvc.EndpointHandlerMapping     : Mapped "{[/configprops],methods=[GET],params=[],headers=[],consumes=[],produces=[],custom=[]}" onto public java.lang.Object org.springframework.boot.actuate.endpoint.mvc.EndpointMvcAdapter.invoke()
2015-03-20 21:20:42.417  INFO 4328 --- [main] o.s.b.a.e.mvc.EndpointHandlerMapping     : Mapped "{[/metrics/{name:.*}],methods=[GET],params=[],headers=[],consumes=[],produces=[],custom=[]}" onto public java.lang.Object org.springframework.boot.actuate.endpoint.mvc.MetricsMvcEndpoint.value(java.lang.String)
2015-03-20 21:20:42.418  INFO 4328 --- [main] o.s.b.a.e.mvc.EndpointHandlerMapping     : Mapped "{[/metrics],methods=[GET],params=[],headers=[],consumes=[],produces=[],custom=[]}" onto public java.lang.Object org.springframework.boot.actuate.endpoint.mvc.EndpointMvcAdapter.invoke()
2015-03-20 21:20:42.418  INFO 4328 --- [main] o.s.b.a.e.mvc.EndpointHandlerMapping     : Mapped "{[/autoconfig],methods=[GET],params=[],headers=[],consumes=[],produces=[],custom=[]}" onto public java.lang.Object org.springframework.boot.actuate.endpoint.mvc.EndpointMvcAdapter.invoke()
2015-03-20 21:20:42.418  INFO 4328 --- [main] o.s.b.a.e.mvc.EndpointHandlerMapping     : Mapped "{[/info],methods=[GET],params=[],headers=[],consumes=[],produces=[],custom=[]}" onto public java.lang.Object org.springframework.boot.actuate.endpoint.mvc.EndpointMvcAdapter.invoke()
2015-03-20 21:20:42.419  INFO 4328 --- [main] o.s.b.a.e.mvc.EndpointHandlerMapping     : Mapped "{[/mappings],methods=[GET],params=[],headers=[],consumes=[],produces=[],custom=[]}" onto public java.lang.Object org.springframework.boot.actuate.endpoint.mvc.EndpointMvcAdapter.invoke()
2015-03-20 21:20:42.419  INFO 4328 --- [main] o.s.b.a.e.mvc.EndpointHandlerMapping     : Mapped "{[/trace],methods=[GET],params=[],headers=[],consumes=[],produces=[],custom=[]}" onto public java.lang.Object org.springframework.boot.actuate.endpoint.mvc.EndpointMvcAdapter.invoke()
2015-03-20 21:20:42.419  INFO 4328 --- [main] o.s.b.a.e.mvc.EndpointHandlerMapping     : Mapped "{[/dump],methods=[GET],params=[],headers=[],consumes=[],produces=[],custom=[]}" onto public java.lang.Object org.springframework.boot.actuate.endpoint.mvc.EndpointMvcAdapter.invoke()
2015-03-20 21:20:42.420  INFO 4328 --- [main] o.s.b.a.e.mvc.EndpointHandlerMapping     : Mapped "{[/env/{name:.*}],methods=[GET],params=[],headers=[],consumes=[],produces=[],custom=[]}" onto public java.lang.Object org.springframework.boot.actuate.endpoint.mvc.EnvironmentMvcEndpoint.value(java.lang.String)
2015-03-20 21:20:42.420  INFO 4328 --- [main] o.s.b.a.e.mvc.EndpointHandlerMapping     : Mapped "{[/env],methods=[GET],params=[],headers=[],consumes=[],produces=[],custom=[]}" onto public java.lang.Object org.springframework.boot.actuate.endpoint.mvc.EndpointMvcAdapter.invoke()
2015-03-20 21:20:42.420  INFO 4328 --- [main] o.s.b.a.e.mvc.EndpointHandlerMapping     : Mapped "{[/shutdown],methods=[POST],params=[],headers=[],consumes=[],produces=[],custom=[]}" onto public java.lang.Object org.springframework.boot.actuate.endpoint.mvc.ShutdownMvcEndpoint.invoke()
2015-03-20 21:20:42.421  INFO 4328 --- [main] o.s.b.a.e.mvc.EndpointHandlerMapping     : Mapped "{[/beans],methods=[GET],params=[],headers=[],consumes=[],produces=[],custom=[]}" onto public java.lang.Object org.springframework.boot.actuate.endpoint.mvc.EndpointMvcAdapter.invoke()
2015-03-20 21:20:42.422  INFO 4328 --- [main] o.s.b.a.e.mvc.EndpointHandlerMapping     : Mapped "{[/health],methods=[],params=[],headers=[],consumes=[],produces=[],custom=[]}" onto public java.lang.Object org.springframework.boot.actuate.endpoint.mvc.HealthMvcEndpoint.invoke(java.security.Principal)
2015-03-20 21:20:42.526  INFO 4328 --- [main] o.s.j.e.a.AnnotationMBeanExporter        : Registering beans for JMX exposure on startup
2015-03-20 21:20:42.538  INFO 4328 --- [main] o.s.c.support.DefaultLifecycleProcessor  : Starting beans in phase 0
2015-03-20 21:20:42.735  INFO 4328 --- [pool-2-thread-1] c.g.demo.endpoint.MainController         : updateAccessAndJsApiTicket scheduled at Fri Mar 20 21:20:42 CST 2015
2015-03-20 21:20:42.785  INFO 4328 --- [main] s.b.c.e.t.TomcatEmbeddedServletContainer : Tomcat started on port(s): 8077 (http)
2015-03-20 21:20:42.788  INFO 4328 --- [main] c.g.demo.MainApplicationConfiguration$   : Started MainApplicationConfiguration. in 9.012 seconds (JVM running for 9.564)
2015-03-20 21:20:43.752  INFO 4328 --- [pool-2-thread-1] c.g.demo.endpoint.MainController         : accessToken is Token{access_token='3xkmkVILqbmcjKnNmwoyMUR-udaZuLnVWLmUnkdciM7KeFhBFzRPUD3qROc_hkBxLJR0b623_jvQAEOg5RKyZg9PpDBmecY5TXAOdDLN2sI', expires_in=7200}, ticket is Ticket{errcode=0, errmsg='ok', ticket='sM4AOVdWfPE4DxkXGEs8VKcE6QtUgP4l5W8d42FNBy-5qbl8M0IhL0BU93Yekbf3w2ajWMmit4zNaicymFmvSg', expires_in=7200}, at Fri Mar 20 21:20:43 CST 2015
